2014-06-18 11:39:04 INFO  FunctionLibrary:36 - Initialized All Resources Files
2014-06-18 11:39:04 INFO  FunctionLibrary:38 - Creatng Driver Script Object
2014-06-18 11:39:04 INFO  FunctionLibrary:40 - Creating Test Suite
2014-06-18 11:39:04 INFO  FunctionLibrary:42 - Creating Test Suite For Email Report
2014-06-18 11:39:04 INFO  FunctionLibrary:47 - Creating Suite In Detailed Test Report
2014-06-18 11:39:04 INFO  FunctionLibrary:49 - Creating Suite In Mailing Report
2014-06-18 11:39:04 INFO  FunctionLibrary:54 - Creating Excel Sheet For Test Results
2014-06-18 11:39:04 INFO  FunctionLibrary:69 - Launching Google Chrome.......
2014-06-18 11:39:16 INFO  FunctionLibrary:163 - Selecting Test Scenario From Controller File
2014-06-18 11:39:16 INFO  FunctionLibrary:163 - Selecting Test Scenario From Controller File
2014-06-18 11:39:16 INFO  FunctionLibrary:163 - Selecting Test Scenario From Controller File
2014-06-18 11:39:16 INFO  FunctionLibrary:163 - Selecting Test Scenario From Controller File
2014-06-18 11:39:16 INFO  FunctionLibrary:163 - Selecting Test Scenario From Controller File
2014-06-18 11:39:16 INFO  FunctionLibrary:163 - Selecting Test Scenario From Controller File
2014-06-18 11:39:16 INFO  FunctionLibrary:163 - Selecting Test Scenario From Controller File
2014-06-18 11:39:16 INFO  FunctionLibrary:163 - Selecting Test Scenario From Controller File
2014-06-18 11:39:16 INFO  FunctionLibrary:163 - Selecting Test Scenario From Controller File
2014-06-18 11:39:16 INFO  FunctionLibrary:163 - Selecting Test Scenario From Controller File
2014-06-18 11:39:16 INFO  FunctionLibrary:163 - Selecting Test Scenario From Controller File
2014-06-18 11:39:16 INFO  FunctionLibrary:163 - Selecting Test Scenario From Controller File
2014-06-18 11:39:16 INFO  FunctionLibrary:163 - Selecting Test Scenario From Controller File
2014-06-18 11:39:16 INFO  FunctionLibrary:163 - Selecting Test Scenario From Controller File
2014-06-18 11:39:16 INFO  FunctionLibrary:167 - Navigate To Test Scenario Sheet
2014-06-18 11:39:16 INFO  FunctionLibrary:173 - Loading Test Data Work Book
2014-06-18 11:39:16 INFO  FunctionLibrary:182 - Passing Parameters Driver Script to ContolScript
2014-06-18 11:39:16 INFO  FunctionLibrary:188 - Creating Tab
2014-06-18 11:39:16 INFO  FunctionLibrary:85 - Enter URL in Browser http://qawhois.team-center.net/mgt
2014-06-18 11:39:19 INFO  FunctionLibrary:198 - Test Scenario Result --Pass
2014-06-18 11:40:26 INFO  FunctionLibrary:36 - Initialized All Resources Files
2014-06-18 11:40:26 INFO  FunctionLibrary:38 - Creatng Driver Script Object
2014-06-18 11:40:26 INFO  FunctionLibrary:40 - Creating Test Suite
2014-06-18 11:40:26 INFO  FunctionLibrary:42 - Creating Test Suite For Email Report
2014-06-18 11:40:26 INFO  FunctionLibrary:47 - Creating Suite In Detailed Test Report
2014-06-18 11:40:26 INFO  FunctionLibrary:49 - Creating Suite In Mailing Report
2014-06-18 11:40:26 INFO  FunctionLibrary:54 - Creating Excel Sheet For Test Results
2014-06-18 11:40:26 INFO  FunctionLibrary:69 - Launching Google Chrome.......
2014-06-18 11:40:38 INFO  FunctionLibrary:163 - Selecting Test Scenario From Controller File
2014-06-18 11:40:38 INFO  FunctionLibrary:163 - Selecting Test Scenario From Controller File
2014-06-18 11:40:38 INFO  FunctionLibrary:163 - Selecting Test Scenario From Controller File
2014-06-18 11:40:38 INFO  FunctionLibrary:163 - Selecting Test Scenario From Controller File
2014-06-18 11:40:38 INFO  FunctionLibrary:163 - Selecting Test Scenario From Controller File
2014-06-18 11:40:38 INFO  FunctionLibrary:163 - Selecting Test Scenario From Controller File
2014-06-18 11:40:38 INFO  FunctionLibrary:163 - Selecting Test Scenario From Controller File
2014-06-18 11:40:38 INFO  FunctionLibrary:163 - Selecting Test Scenario From Controller File
2014-06-18 11:40:38 INFO  FunctionLibrary:163 - Selecting Test Scenario From Controller File
2014-06-18 11:40:38 INFO  FunctionLibrary:163 - Selecting Test Scenario From Controller File
2014-06-18 11:40:38 INFO  FunctionLibrary:163 - Selecting Test Scenario From Controller File
2014-06-18 11:40:38 INFO  FunctionLibrary:163 - Selecting Test Scenario From Controller File
2014-06-18 11:40:38 INFO  FunctionLibrary:163 - Selecting Test Scenario From Controller File
2014-06-18 11:40:38 INFO  FunctionLibrary:163 - Selecting Test Scenario From Controller File
2014-06-18 11:40:38 INFO  FunctionLibrary:167 - Navigate To Test Scenario Sheet
2014-06-18 11:40:38 INFO  FunctionLibrary:173 - Loading Test Data Work Book
2014-06-18 11:40:38 INFO  FunctionLibrary:182 - Passing Parameters Driver Script to ContolScript
2014-06-18 11:40:38 INFO  FunctionLibrary:188 - Creating Tab
2014-06-18 11:40:38 INFO  FunctionLibrary:98 - Switch to New Window
2014-06-18 11:40:38 INFO  FunctionLibrary:85 - Enter URL in Browser http://qawhois.team-center.net/mgt
2014-06-18 11:40:41 INFO  FunctionLibrary:198 - Test Scenario Result --Pass
2014-06-18 11:42:59 INFO  FunctionLibrary:36 - Initialized All Resources Files
2014-06-18 11:42:59 INFO  FunctionLibrary:38 - Creatng Driver Script Object
2014-06-18 11:42:59 INFO  FunctionLibrary:40 - Creating Test Suite
2014-06-18 11:42:59 INFO  FunctionLibrary:42 - Creating Test Suite For Email Report
2014-06-18 11:42:59 INFO  FunctionLibrary:47 - Creating Suite In Detailed Test Report
2014-06-18 11:42:59 INFO  FunctionLibrary:49 - Creating Suite In Mailing Report
2014-06-18 11:42:59 INFO  FunctionLibrary:54 - Creating Excel Sheet For Test Results
2014-06-18 11:42:59 INFO  FunctionLibrary:69 - Launching Google Chrome.......
2014-06-18 11:43:11 INFO  FunctionLibrary:163 - Selecting Test Scenario From Controller File
2014-06-18 11:43:11 INFO  FunctionLibrary:163 - Selecting Test Scenario From Controller File
2014-06-18 11:43:11 INFO  FunctionLibrary:167 - Navigate To Test Scenario Sheet
2014-06-18 11:43:12 INFO  FunctionLibrary:173 - Loading Test Data Work Book
2014-06-18 11:43:12 INFO  FunctionLibrary:182 - Passing Parameters Driver Script to ContolScript
2014-06-18 11:43:12 INFO  FunctionLibrary:61 - Clicking on Button Sign In
2014-06-18 11:43:12 INFO  FunctionLibrary:90 - Verifying Text
2014-06-18 11:43:13 INFO  FunctionLibrary:227 - New to WhoIs.net?Request an account here.
2014-06-18 11:43:13 INFO  FunctionLibrary:228 - New to WhoIs.net?Request an account here.
2014-06-18 11:43:13 INFO  FunctionLibrary:65 - Entering Data into user_input
2014-06-18 11:43:13 INFO  FunctionLibrary:65 - Entering Data into pass_input
2014-06-18 11:43:13 INFO  FunctionLibrary:61 - Clicking on Button //html/body/form/div[2]/table/tbody/tr/td[2]/table/tbody/tr[6]/td/a
2014-06-18 11:43:15 INFO  FunctionLibrary:198 - Test Scenario Result --Pass
2014-06-18 11:43:16 INFO  FunctionLibrary:163 - Selecting Test Scenario From Controller File
2014-06-18 11:43:16 INFO  FunctionLibrary:163 - Selecting Test Scenario From Controller File
2014-06-18 11:43:16 INFO  FunctionLibrary:163 - Selecting Test Scenario From Controller File
2014-06-18 11:43:16 INFO  FunctionLibrary:163 - Selecting Test Scenario From Controller File
2014-06-18 11:43:16 INFO  FunctionLibrary:163 - Selecting Test Scenario From Controller File
2014-06-18 11:43:16 INFO  FunctionLibrary:163 - Selecting Test Scenario From Controller File
2014-06-18 11:43:16 INFO  FunctionLibrary:163 - Selecting Test Scenario From Controller File
2014-06-18 11:43:16 INFO  FunctionLibrary:163 - Selecting Test Scenario From Controller File
2014-06-18 11:43:16 INFO  FunctionLibrary:163 - Selecting Test Scenario From Controller File
2014-06-18 11:43:16 INFO  FunctionLibrary:163 - Selecting Test Scenario From Controller File
2014-06-18 11:43:16 INFO  FunctionLibrary:163 - Selecting Test Scenario From Controller File
2014-06-18 11:43:16 INFO  FunctionLibrary:163 - Selecting Test Scenario From Controller File
2014-06-18 11:43:16 INFO  FunctionLibrary:167 - Navigate To Test Scenario Sheet
2014-06-18 11:43:16 INFO  FunctionLibrary:173 - Loading Test Data Work Book
2014-06-18 11:43:16 INFO  FunctionLibrary:182 - Passing Parameters Driver Script to ContolScript
2014-06-18 11:43:16 INFO  FunctionLibrary:187 - Creating Tab
2014-06-18 11:43:16 INFO  FunctionLibrary:98 - Switch to New Window
2014-06-18 11:43:16 INFO  FunctionLibrary:85 - Enter URL in Browser http://qawhois.team-center.net/mgt
2014-06-18 11:43:19 INFO  FunctionLibrary:198 - Test Scenario Result --Pass
2014-06-18 11:46:17 INFO  FunctionLibrary:36 - Initialized All Resources Files
2014-06-18 11:46:17 INFO  FunctionLibrary:38 - Creatng Driver Script Object
2014-06-18 11:46:17 INFO  FunctionLibrary:40 - Creating Test Suite
2014-06-18 11:46:17 INFO  FunctionLibrary:42 - Creating Test Suite For Email Report
2014-06-18 11:46:17 INFO  FunctionLibrary:47 - Creating Suite In Detailed Test Report
2014-06-18 11:46:17 INFO  FunctionLibrary:49 - Creating Suite In Mailing Report
2014-06-18 11:46:17 INFO  FunctionLibrary:54 - Creating Excel Sheet For Test Results
2014-06-18 11:46:17 INFO  FunctionLibrary:69 - Launching Google Chrome.......
2014-06-18 11:46:33 INFO  FunctionLibrary:163 - Selecting Test Scenario From Controller File
2014-06-18 11:46:33 INFO  FunctionLibrary:163 - Selecting Test Scenario From Controller File
2014-06-18 11:46:33 INFO  FunctionLibrary:163 - Selecting Test Scenario From Controller File
2014-06-18 11:46:33 INFO  FunctionLibrary:163 - Selecting Test Scenario From Controller File
2014-06-18 11:46:33 INFO  FunctionLibrary:163 - Selecting Test Scenario From Controller File
2014-06-18 11:46:33 INFO  FunctionLibrary:163 - Selecting Test Scenario From Controller File
2014-06-18 11:46:33 INFO  FunctionLibrary:163 - Selecting Test Scenario From Controller File
2014-06-18 11:46:33 INFO  FunctionLibrary:163 - Selecting Test Scenario From Controller File
2014-06-18 11:46:33 INFO  FunctionLibrary:163 - Selecting Test Scenario From Controller File
2014-06-18 11:46:33 INFO  FunctionLibrary:163 - Selecting Test Scenario From Controller File
2014-06-18 11:46:33 INFO  FunctionLibrary:163 - Selecting Test Scenario From Controller File
2014-06-18 11:46:33 INFO  FunctionLibrary:163 - Selecting Test Scenario From Controller File
2014-06-18 11:46:33 INFO  FunctionLibrary:163 - Selecting Test Scenario From Controller File
2014-06-18 11:46:33 INFO  FunctionLibrary:163 - Selecting Test Scenario From Controller File
2014-06-18 11:46:33 INFO  FunctionLibrary:167 - Navigate To Test Scenario Sheet
2014-06-18 11:46:33 INFO  FunctionLibrary:173 - Loading Test Data Work Book
2014-06-18 11:46:33 INFO  FunctionLibrary:182 - Passing Parameters Driver Script to ContolScript
2014-06-18 11:46:33 INFO  FunctionLibrary:187 - Creating Tab
2014-06-18 11:46:34 INFO  FunctionLibrary:98 - Switch to New Window
2014-06-18 11:46:34 INFO  FunctionLibrary:85 - Enter URL in Browser http://qawhois.team-center.net/mgt
2014-06-18 11:46:37 INFO  FunctionLibrary:198 - Test Scenario Result --Pass
2014-06-18 11:53:52 INFO  FunctionLibrary:36 - Initialized All Resources Files
2014-06-18 11:53:52 INFO  FunctionLibrary:38 - Creatng Driver Script Object
2014-06-18 11:53:52 INFO  FunctionLibrary:40 - Creating Test Suite
2014-06-18 11:53:52 INFO  FunctionLibrary:42 - Creating Test Suite For Email Report
2014-06-18 11:53:52 INFO  FunctionLibrary:47 - Creating Suite In Detailed Test Report
2014-06-18 11:53:52 INFO  FunctionLibrary:49 - Creating Suite In Mailing Report
2014-06-18 11:53:52 INFO  FunctionLibrary:54 - Creating Excel Sheet For Test Results
2014-06-18 11:53:52 INFO  FunctionLibrary:69 - Launching Google Chrome.......
2014-06-18 11:54:06 INFO  FunctionLibrary:163 - Selecting Test Scenario From Controller File
2014-06-18 11:54:06 INFO  FunctionLibrary:163 - Selecting Test Scenario From Controller File
2014-06-18 11:54:06 INFO  FunctionLibrary:163 - Selecting Test Scenario From Controller File
2014-06-18 11:54:06 INFO  FunctionLibrary:163 - Selecting Test Scenario From Controller File
2014-06-18 11:54:06 INFO  FunctionLibrary:163 - Selecting Test Scenario From Controller File
2014-06-18 11:54:06 INFO  FunctionLibrary:163 - Selecting Test Scenario From Controller File
2014-06-18 11:54:06 INFO  FunctionLibrary:163 - Selecting Test Scenario From Controller File
2014-06-18 11:54:06 INFO  FunctionLibrary:163 - Selecting Test Scenario From Controller File
2014-06-18 11:54:06 INFO  FunctionLibrary:163 - Selecting Test Scenario From Controller File
2014-06-18 11:54:06 INFO  FunctionLibrary:163 - Selecting Test Scenario From Controller File
2014-06-18 11:54:06 INFO  FunctionLibrary:163 - Selecting Test Scenario From Controller File
2014-06-18 11:54:06 INFO  FunctionLibrary:163 - Selecting Test Scenario From Controller File
2014-06-18 11:54:06 INFO  FunctionLibrary:163 - Selecting Test Scenario From Controller File
2014-06-18 11:54:06 INFO  FunctionLibrary:163 - Selecting Test Scenario From Controller File
2014-06-18 11:54:06 INFO  FunctionLibrary:167 - Navigate To Test Scenario Sheet
2014-06-18 11:54:07 INFO  FunctionLibrary:173 - Loading Test Data Work Book
2014-06-18 11:54:07 INFO  FunctionLibrary:182 - Passing Parameters Driver Script to ContolScript
2014-06-18 11:54:07 INFO  FunctionLibrary:190 - Creating Tab
2014-06-18 11:54:07 INFO  FunctionLibrary:101 - Switch to New Window
2014-06-18 11:54:07 INFO  FunctionLibrary:88 - Enter URL in Browser http://qawhois.team-center.net/mgt
2014-06-18 11:54:10 INFO  FunctionLibrary:198 - Test Scenario Result --Pass
2014-06-18 11:55:12 INFO  FunctionLibrary:36 - Initialized All Resources Files
2014-06-18 11:55:12 INFO  FunctionLibrary:38 - Creatng Driver Script Object
2014-06-18 11:55:12 INFO  FunctionLibrary:40 - Creating Test Suite
2014-06-18 11:55:12 INFO  FunctionLibrary:42 - Creating Test Suite For Email Report
2014-06-18 11:55:12 INFO  FunctionLibrary:47 - Creating Suite In Detailed Test Report
2014-06-18 11:55:12 INFO  FunctionLibrary:49 - Creating Suite In Mailing Report
2014-06-18 11:55:12 INFO  FunctionLibrary:54 - Creating Excel Sheet For Test Results
2014-06-18 11:55:12 INFO  FunctionLibrary:69 - Launching Google Chrome.......
2014-06-18 11:55:23 INFO  FunctionLibrary:163 - Selecting Test Scenario From Controller File
2014-06-18 11:55:23 INFO  FunctionLibrary:163 - Selecting Test Scenario From Controller File
2014-06-18 11:55:23 INFO  FunctionLibrary:163 - Selecting Test Scenario From Controller File
2014-06-18 11:55:23 INFO  FunctionLibrary:163 - Selecting Test Scenario From Controller File
2014-06-18 11:55:23 INFO  FunctionLibrary:163 - Selecting Test Scenario From Controller File
2014-06-18 11:55:23 INFO  FunctionLibrary:163 - Selecting Test Scenario From Controller File
2014-06-18 11:55:23 INFO  FunctionLibrary:163 - Selecting Test Scenario From Controller File
2014-06-18 11:55:23 INFO  FunctionLibrary:163 - Selecting Test Scenario From Controller File
2014-06-18 11:55:23 INFO  FunctionLibrary:163 - Selecting Test Scenario From Controller File
2014-06-18 11:55:23 INFO  FunctionLibrary:163 - Selecting Test Scenario From Controller File
2014-06-18 11:55:23 INFO  FunctionLibrary:163 - Selecting Test Scenario From Controller File
2014-06-18 11:55:23 INFO  FunctionLibrary:163 - Selecting Test Scenario From Controller File
2014-06-18 11:55:23 INFO  FunctionLibrary:163 - Selecting Test Scenario From Controller File
2014-06-18 11:55:23 INFO  FunctionLibrary:163 - Selecting Test Scenario From Controller File
2014-06-18 11:55:23 INFO  FunctionLibrary:167 - Navigate To Test Scenario Sheet
2014-06-18 11:55:24 INFO  FunctionLibrary:173 - Loading Test Data Work Book
2014-06-18 11:55:24 INFO  FunctionLibrary:182 - Passing Parameters Driver Script to ContolScript
2014-06-18 11:55:24 INFO  FunctionLibrary:190 - Creating Tab
2014-06-18 11:55:24 INFO  FunctionLibrary:101 - Switch to New Window
2014-06-18 11:55:24 INFO  FunctionLibrary:88 - Enter URL in Browser http://qawhois.team-center.net/mgt
2014-06-18 11:55:29 INFO  FunctionLibrary:198 - Test Scenario Result --Pass
2014-06-18 12:03:16 INFO  FunctionLibrary:36 - Initialized All Resources Files
2014-06-18 12:03:16 INFO  FunctionLibrary:38 - Creatng Driver Script Object
2014-06-18 12:03:16 INFO  FunctionLibrary:40 - Creating Test Suite
2014-06-18 12:03:16 INFO  FunctionLibrary:42 - Creating Test Suite For Email Report
2014-06-18 12:03:16 INFO  FunctionLibrary:47 - Creating Suite In Detailed Test Report
2014-06-18 12:03:16 INFO  FunctionLibrary:49 - Creating Suite In Mailing Report
2014-06-18 12:03:16 INFO  FunctionLibrary:54 - Creating Excel Sheet For Test Results
2014-06-18 12:03:16 INFO  FunctionLibrary:69 - Launching Google Chrome.......
2014-06-18 12:03:28 INFO  FunctionLibrary:163 - Selecting Test Scenario From Controller File
2014-06-18 12:03:28 INFO  FunctionLibrary:163 - Selecting Test Scenario From Controller File
2014-06-18 12:03:28 INFO  FunctionLibrary:163 - Selecting Test Scenario From Controller File
2014-06-18 12:03:28 INFO  FunctionLibrary:163 - Selecting Test Scenario From Controller File
2014-06-18 12:03:28 INFO  FunctionLibrary:163 - Selecting Test Scenario From Controller File
2014-06-18 12:03:28 INFO  FunctionLibrary:163 - Selecting Test Scenario From Controller File
2014-06-18 12:03:28 INFO  FunctionLibrary:163 - Selecting Test Scenario From Controller File
2014-06-18 12:03:28 INFO  FunctionLibrary:163 - Selecting Test Scenario From Controller File
2014-06-18 12:03:28 INFO  FunctionLibrary:163 - Selecting Test Scenario From Controller File
2014-06-18 12:03:28 INFO  FunctionLibrary:163 - Selecting Test Scenario From Controller File
2014-06-18 12:03:28 INFO  FunctionLibrary:163 - Selecting Test Scenario From Controller File
2014-06-18 12:03:28 INFO  FunctionLibrary:163 - Selecting Test Scenario From Controller File
2014-06-18 12:03:28 INFO  FunctionLibrary:163 - Selecting Test Scenario From Controller File
2014-06-18 12:03:28 INFO  FunctionLibrary:163 - Selecting Test Scenario From Controller File
2014-06-18 12:03:28 INFO  FunctionLibrary:167 - Navigate To Test Scenario Sheet
2014-06-18 12:03:29 INFO  FunctionLibrary:173 - Loading Test Data Work Book
2014-06-18 12:03:29 INFO  FunctionLibrary:182 - Passing Parameters Driver Script to ContolScript
2014-06-18 12:03:29 INFO  FunctionLibrary:190 - Creating Tab
2014-06-18 12:03:29 INFO  FunctionLibrary:101 - Switch to New Window
2014-06-18 12:03:29 INFO  FunctionLibrary:88 - Enter URL in Browser http://qawhois.team-center.net/mgt
2014-06-18 12:03:32 INFO  FunctionLibrary:198 - Test Scenario Result --Pass
2014-06-18 12:10:32 INFO  FunctionLibrary:36 - Initialized All Resources Files
2014-06-18 12:10:32 INFO  FunctionLibrary:38 - Creatng Driver Script Object
2014-06-18 12:10:32 INFO  FunctionLibrary:40 - Creating Test Suite
2014-06-18 12:10:32 INFO  FunctionLibrary:42 - Creating Test Suite For Email Report
2014-06-18 12:10:32 INFO  FunctionLibrary:47 - Creating Suite In Detailed Test Report
2014-06-18 12:10:32 INFO  FunctionLibrary:49 - Creating Suite In Mailing Report
2014-06-18 12:10:32 INFO  FunctionLibrary:54 - Creating Excel Sheet For Test Results
2014-06-18 12:10:32 INFO  FunctionLibrary:69 - Launching Google Chrome.......
2014-06-18 12:10:44 INFO  FunctionLibrary:163 - Selecting Test Scenario From Controller File
2014-06-18 12:10:44 INFO  FunctionLibrary:163 - Selecting Test Scenario From Controller File
2014-06-18 12:10:44 INFO  FunctionLibrary:163 - Selecting Test Scenario From Controller File
2014-06-18 12:10:44 INFO  FunctionLibrary:163 - Selecting Test Scenario From Controller File
2014-06-18 12:10:44 INFO  FunctionLibrary:163 - Selecting Test Scenario From Controller File
2014-06-18 12:10:44 INFO  FunctionLibrary:163 - Selecting Test Scenario From Controller File
2014-06-18 12:10:44 INFO  FunctionLibrary:163 - Selecting Test Scenario From Controller File
2014-06-18 12:10:44 INFO  FunctionLibrary:163 - Selecting Test Scenario From Controller File
2014-06-18 12:10:44 INFO  FunctionLibrary:163 - Selecting Test Scenario From Controller File
2014-06-18 12:10:44 INFO  FunctionLibrary:163 - Selecting Test Scenario From Controller File
2014-06-18 12:10:44 INFO  FunctionLibrary:163 - Selecting Test Scenario From Controller File
2014-06-18 12:10:44 INFO  FunctionLibrary:163 - Selecting Test Scenario From Controller File
2014-06-18 12:10:44 INFO  FunctionLibrary:163 - Selecting Test Scenario From Controller File
2014-06-18 12:10:44 INFO  FunctionLibrary:163 - Selecting Test Scenario From Controller File
2014-06-18 12:10:44 INFO  FunctionLibrary:167 - Navigate To Test Scenario Sheet
2014-06-18 12:10:44 INFO  FunctionLibrary:173 - Loading Test Data Work Book
2014-06-18 12:10:44 INFO  FunctionLibrary:182 - Passing Parameters Driver Script to ContolScript
2014-06-18 12:10:45 INFO  FunctionLibrary:190 - Creating Tab
2014-06-18 12:10:45 INFO  FunctionLibrary:101 - Switch to New Window
2014-06-18 12:10:45 INFO  FunctionLibrary:88 - Enter URL in Browser http://qawhois.team-center.net/mgt
2014-06-18 12:10:48 INFO  FunctionLibrary:132 - Switch to frame------
2014-06-18 12:10:48 INFO  FunctionLibrary:68 - Entering Data into login_user
2014-06-18 12:10:48 INFO  FunctionLibrary:206 - 
java.lang.ArrayIndexOutOfBoundsException: 4
	at jxl.read.biff.SheetImpl.getCell(SheetImpl.java:318)
	at com.projectname.base.FunctionLibrary.testData(FunctionLibrary.java:476)
	at com.projectname.base.Keywords.controlScript(Keywords.java:69)
	at com.projectname.scripts.DriverScriptTest.controlscript(DriverScriptTest.java:183)
	at com.projectname.scripts.DriverScriptTest.driverScript(DriverScriptTest.java:80)
	at sun.reflect.NativeMethodAccessorImpl.invoke0(Native Method)
	at sun.reflect.NativeMethodAccessorImpl.invoke(Unknown Source)
	at sun.reflect.DelegatingMethodAccessorImpl.invoke(Unknown Source)
	at java.lang.reflect.Method.invoke(Unknown Source)
	at org.testng.internal.MethodInvocationHelper.invokeMethod(MethodInvocationHelper.java:84)
	at org.testng.internal.Invoker.invokeMethod(Invoker.java:714)
	at org.testng.internal.Invoker.invokeTestMethod(Invoker.java:901)
	at org.testng.internal.Invoker.invokeTestMethods(Invoker.java:1231)
	at org.testng.internal.TestMethodWorker.invokeTestMethods(TestMethodWorker.java:127)
	at org.testng.internal.TestMethodWorker.run(TestMethodWorker.java:111)
	at org.testng.TestRunner.privateRun(TestRunner.java:767)
	at org.testng.TestRunner.run(TestRunner.java:617)
	at org.testng.SuiteRunner.runTest(SuiteRunner.java:334)
	at org.testng.SuiteRunner.runSequentially(SuiteRunner.java:329)
	at org.testng.SuiteRunner.privateRun(SuiteRunner.java:291)
	at org.testng.SuiteRunner.run(SuiteRunner.java:240)
	at org.testng.SuiteRunnerWorker.runSuite(SuiteRunnerWorker.java:52)
	at org.testng.SuiteRunnerWorker.run(SuiteRunnerWorker.java:86)
	at org.testng.TestNG.runSuitesSequentially(TestNG.java:1224)
	at org.testng.TestNG.runSuitesLocally(TestNG.java:1149)
	at org.testng.TestNG.run(TestNG.java:1057)
	at org.testng.remote.RemoteTestNG.run(RemoteTestNG.java:111)
	at org.testng.remote.RemoteTestNG.initAndRun(RemoteTestNG.java:204)
	at org.testng.remote.RemoteTestNG.main(RemoteTestNG.java:175)
2014-06-18 12:10:49 INFO  FunctionLibrary:186 - Test Scenario Result --Fail
2014-06-18 12:12:10 INFO  FunctionLibrary:36 - Initialized All Resources Files
2014-06-18 12:12:10 INFO  FunctionLibrary:38 - Creatng Driver Script Object
2014-06-18 12:12:10 INFO  FunctionLibrary:40 - Creating Test Suite
2014-06-18 12:12:10 INFO  FunctionLibrary:42 - Creating Test Suite For Email Report
2014-06-18 12:12:11 INFO  FunctionLibrary:47 - Creating Suite In Detailed Test Report
2014-06-18 12:12:11 INFO  FunctionLibrary:49 - Creating Suite In Mailing Report
2014-06-18 12:12:11 INFO  FunctionLibrary:54 - Creating Excel Sheet For Test Results
2014-06-18 12:12:11 INFO  FunctionLibrary:69 - Launching Google Chrome.......
2014-06-18 12:12:22 INFO  FunctionLibrary:163 - Selecting Test Scenario From Controller File
2014-06-18 12:12:22 INFO  FunctionLibrary:163 - Selecting Test Scenario From Controller File
2014-06-18 12:12:22 INFO  FunctionLibrary:163 - Selecting Test Scenario From Controller File
2014-06-18 12:12:22 INFO  FunctionLibrary:163 - Selecting Test Scenario From Controller File
2014-06-18 12:12:22 INFO  FunctionLibrary:163 - Selecting Test Scenario From Controller File
2014-06-18 12:12:22 INFO  FunctionLibrary:163 - Selecting Test Scenario From Controller File
2014-06-18 12:12:22 INFO  FunctionLibrary:163 - Selecting Test Scenario From Controller File
2014-06-18 12:12:22 INFO  FunctionLibrary:163 - Selecting Test Scenario From Controller File
2014-06-18 12:12:22 INFO  FunctionLibrary:163 - Selecting Test Scenario From Controller File
2014-06-18 12:12:22 INFO  FunctionLibrary:163 - Selecting Test Scenario From Controller File
2014-06-18 12:12:22 INFO  FunctionLibrary:163 - Selecting Test Scenario From Controller File
2014-06-18 12:12:22 INFO  FunctionLibrary:163 - Selecting Test Scenario From Controller File
2014-06-18 12:12:22 INFO  FunctionLibrary:163 - Selecting Test Scenario From Controller File
2014-06-18 12:12:22 INFO  FunctionLibrary:163 - Selecting Test Scenario From Controller File
2014-06-18 12:12:22 INFO  FunctionLibrary:167 - Navigate To Test Scenario Sheet
2014-06-18 12:12:22 INFO  FunctionLibrary:173 - Loading Test Data Work Book
2014-06-18 12:12:22 INFO  FunctionLibrary:182 - Passing Parameters Driver Script to ContolScript
2014-06-18 12:12:22 INFO  FunctionLibrary:190 - Creating Tab
2014-06-18 12:12:22 INFO  FunctionLibrary:101 - Switch to New Window
2014-06-18 12:12:23 INFO  FunctionLibrary:88 - Enter URL in Browser http://qawhois.team-center.net/mgt
2014-06-18 12:12:26 INFO  FunctionLibrary:132 - Switch to frame------
2014-06-18 12:12:26 INFO  FunctionLibrary:68 - Entering Data into login_user
2014-06-18 12:12:27 INFO  FunctionLibrary:68 - Entering Data into login_pass
2014-06-18 12:12:27 INFO  FunctionLibrary:64 - Clicking on Button loginButton
2014-06-18 12:12:27 INFO  FunctionLibrary:198 - Test Scenario Result --Pass
2014-06-18 12:15:11 INFO  FunctionLibrary:36 - Initialized All Resources Files
2014-06-18 12:15:11 INFO  FunctionLibrary:38 - Creatng Driver Script Object
2014-06-18 12:15:11 INFO  FunctionLibrary:40 - Creating Test Suite
2014-06-18 12:15:11 INFO  FunctionLibrary:42 - Creating Test Suite For Email Report
2014-06-18 12:15:11 INFO  FunctionLibrary:47 - Creating Suite In Detailed Test Report
2014-06-18 12:15:11 INFO  FunctionLibrary:49 - Creating Suite In Mailing Report
2014-06-18 12:15:11 INFO  FunctionLibrary:54 - Creating Excel Sheet For Test Results
2014-06-18 12:15:11 INFO  FunctionLibrary:69 - Launching Google Chrome.......
2014-06-18 12:15:22 INFO  FunctionLibrary:163 - Selecting Test Scenario From Controller File
2014-06-18 12:15:22 INFO  FunctionLibrary:163 - Selecting Test Scenario From Controller File
2014-06-18 12:15:22 INFO  FunctionLibrary:163 - Selecting Test Scenario From Controller File
2014-06-18 12:15:22 INFO  FunctionLibrary:163 - Selecting Test Scenario From Controller File
2014-06-18 12:15:22 INFO  FunctionLibrary:163 - Selecting Test Scenario From Controller File
2014-06-18 12:15:22 INFO  FunctionLibrary:163 - Selecting Test Scenario From Controller File
2014-06-18 12:15:22 INFO  FunctionLibrary:163 - Selecting Test Scenario From Controller File
2014-06-18 12:15:22 INFO  FunctionLibrary:163 - Selecting Test Scenario From Controller File
2014-06-18 12:15:22 INFO  FunctionLibrary:163 - Selecting Test Scenario From Controller File
2014-06-18 12:15:22 INFO  FunctionLibrary:163 - Selecting Test Scenario From Controller File
2014-06-18 12:15:22 INFO  FunctionLibrary:163 - Selecting Test Scenario From Controller File
2014-06-18 12:15:22 INFO  FunctionLibrary:163 - Selecting Test Scenario From Controller File
2014-06-18 12:15:22 INFO  FunctionLibrary:163 - Selecting Test Scenario From Controller File
2014-06-18 12:15:22 INFO  FunctionLibrary:163 - Selecting Test Scenario From Controller File
2014-06-18 12:15:22 INFO  FunctionLibrary:167 - Navigate To Test Scenario Sheet
2014-06-18 12:15:23 INFO  FunctionLibrary:173 - Loading Test Data Work Book
2014-06-18 12:15:23 INFO  FunctionLibrary:182 - Passing Parameters Driver Script to ContolScript
2014-06-18 12:15:23 INFO  FunctionLibrary:190 - Creating Tab
2014-06-18 12:15:23 INFO  FunctionLibrary:101 - Switch to New Window
2014-06-18 12:15:23 INFO  FunctionLibrary:88 - Enter URL in Browser http://qawhois.team-center.net/mgt
2014-06-18 12:15:26 INFO  FunctionLibrary:132 - Switch to frame------
2014-06-18 12:15:26 INFO  FunctionLibrary:68 - Entering Data into login_user
2014-06-18 12:15:27 INFO  FunctionLibrary:68 - Entering Data into login_pass
2014-06-18 12:15:27 INFO  FunctionLibrary:64 - Clicking on Button loginButton
2014-06-18 12:15:27 INFO  FunctionLibrary:128 - Switching to Parent Window
2014-06-18 12:15:27 INFO  FunctionLibrary:198 - Test Scenario Result --Pass
2014-06-18 12:15:28 INFO  FunctionLibrary:163 - Selecting Test Scenario From Controller File
2014-06-18 12:15:28 INFO  FunctionLibrary:167 - Navigate To Test Scenario Sheet
2014-06-18 12:15:28 INFO  FunctionLibrary:173 - Loading Test Data Work Book
2014-06-18 12:15:28 INFO  FunctionLibrary:182 - Passing Parameters Driver Script to ContolScript
2014-06-18 12:15:28 INFO  FunctionLibrary:64 - Clicking on Button Sign In
2014-06-18 12:15:28 INFO  FunctionLibrary:93 - Verifying Text
2014-06-18 12:15:28 INFO  FunctionLibrary:227 - New to WhoIs.net?Request an account here.
2014-06-18 12:15:28 INFO  FunctionLibrary:228 - New to WhoIs.net?Request an account here.
2014-06-18 12:15:28 INFO  FunctionLibrary:68 - Entering Data into user_input
2014-06-18 12:15:29 INFO  FunctionLibrary:68 - Entering Data into pass_input
2014-06-18 12:15:29 INFO  FunctionLibrary:64 - Clicking on Button //html/body/form/div[2]/table/tbody/tr/td[2]/table/tbody/tr[6]/td/a
2014-06-18 12:15:31 INFO  FunctionLibrary:198 - Test Scenario Result --Pass
2014-06-18 12:22:08 INFO  FunctionLibrary:36 - Initialized All Resources Files
2014-06-18 12:22:08 INFO  FunctionLibrary:38 - Creatng Driver Script Object
2014-06-18 12:22:08 INFO  FunctionLibrary:40 - Creating Test Suite
2014-06-18 12:22:08 INFO  FunctionLibrary:42 - Creating Test Suite For Email Report
2014-06-18 12:22:08 INFO  FunctionLibrary:47 - Creating Suite In Detailed Test Report
2014-06-18 12:22:08 INFO  FunctionLibrary:49 - Creating Suite In Mailing Report
2014-06-18 12:22:08 INFO  FunctionLibrary:54 - Creating Excel Sheet For Test Results
2014-06-18 12:22:08 INFO  FunctionLibrary:69 - Launching Google Chrome.......
2014-06-18 12:22:20 INFO  FunctionLibrary:163 - Selecting Test Scenario From Controller File
2014-06-18 12:22:20 INFO  FunctionLibrary:163 - Selecting Test Scenario From Controller File
2014-06-18 12:22:20 INFO  FunctionLibrary:163 - Selecting Test Scenario From Controller File
2014-06-18 12:22:20 INFO  FunctionLibrary:163 - Selecting Test Scenario From Controller File
2014-06-18 12:22:20 INFO  FunctionLibrary:163 - Selecting Test Scenario From Controller File
2014-06-18 12:22:20 INFO  FunctionLibrary:163 - Selecting Test Scenario From Controller File
2014-06-18 12:22:20 INFO  FunctionLibrary:163 - Selecting Test Scenario From Controller File
2014-06-18 12:22:20 INFO  FunctionLibrary:163 - Selecting Test Scenario From Controller File
2014-06-18 12:22:20 INFO  FunctionLibrary:163 - Selecting Test Scenario From Controller File
2014-06-18 12:22:20 INFO  FunctionLibrary:163 - Selecting Test Scenario From Controller File
2014-06-18 12:22:20 INFO  FunctionLibrary:163 - Selecting Test Scenario From Controller File
2014-06-18 12:22:20 INFO  FunctionLibrary:163 - Selecting Test Scenario From Controller File
2014-06-18 12:22:20 INFO  FunctionLibrary:163 - Selecting Test Scenario From Controller File
2014-06-18 12:22:20 INFO  FunctionLibrary:163 - Selecting Test Scenario From Controller File
2014-06-18 12:22:20 INFO  FunctionLibrary:167 - Navigate To Test Scenario Sheet
2014-06-18 12:22:20 INFO  FunctionLibrary:173 - Loading Test Data Work Book
2014-06-18 12:22:20 INFO  FunctionLibrary:182 - Passing Parameters Driver Script to ContolScript
2014-06-18 12:22:20 INFO  FunctionLibrary:190 - Creating Tab
2014-06-18 12:22:20 INFO  FunctionLibrary:101 - Switch to New Window
2014-06-18 12:22:21 INFO  FunctionLibrary:88 - Enter URL in Browser http://qawhois.team-center.net/mgt
2014-06-18 12:22:24 INFO  FunctionLibrary:132 - Switch to frame------
2014-06-18 12:22:24 INFO  FunctionLibrary:68 - Entering Data into login_user
2014-06-18 12:22:24 INFO  FunctionLibrary:68 - Entering Data into login_pass
2014-06-18 12:22:25 INFO  FunctionLibrary:64 - Clicking on Button loginButton
2014-06-18 12:22:25 INFO  FunctionLibrary:128 - Switching to Parent Window
2014-06-18 12:22:25 INFO  FunctionLibrary:198 - Test Scenario Result --Pass
2014-06-18 12:22:25 INFO  FunctionLibrary:163 - Selecting Test Scenario From Controller File
2014-06-18 12:22:25 INFO  FunctionLibrary:167 - Navigate To Test Scenario Sheet
2014-06-18 12:22:26 INFO  FunctionLibrary:173 - Loading Test Data Work Book
2014-06-18 12:22:26 INFO  FunctionLibrary:182 - Passing Parameters Driver Script to ContolScript
2014-06-18 12:22:26 INFO  FunctionLibrary:64 - Clicking on Button Sign In
2014-06-18 12:22:26 INFO  FunctionLibrary:93 - Verifying Text
2014-06-18 12:22:26 INFO  FunctionLibrary:227 - New to WhoIs.net?Request an account here.
2014-06-18 12:22:26 INFO  FunctionLibrary:228 - New to WhoIs.net?Request an account here.
2014-06-18 12:22:26 INFO  FunctionLibrary:68 - Entering Data into user_input
2014-06-18 12:22:26 INFO  FunctionLibrary:68 - Entering Data into pass_input
2014-06-18 12:22:27 INFO  FunctionLibrary:64 - Clicking on Button //html/body/form/div[2]/table/tbody/tr/td[2]/table/tbody/tr[6]/td/a
2014-06-18 12:22:29 INFO  FunctionLibrary:198 - Test Scenario Result --Pass
